0 info it worked if it ends with ok
1 verbose cli [ 'node', '/Users/lijung/.nvm/v0.10.23/bin/npm', 'publish', './' ]
2 info using npm@1.4.4
3 info using node@v0.10.23
4 verbose publish [ './' ]
5 verbose cache add [ './', null ]
6 verbose cache add name=undefined spec="./" args=["./",null]
7 verbose parsed url { protocol: null,
7 verbose parsed url   slashes: null,
7 verbose parsed url   auth: null,
7 verbose parsed url   host: null,
7 verbose parsed url   port: null,
7 verbose parsed url   hostname: null,
7 verbose parsed url   hash: null,
7 verbose parsed url   search: null,
7 verbose parsed url   query: null,
7 verbose parsed url   pathname: './',
7 verbose parsed url   path: './',
7 verbose parsed url   href: './' }
8 silly lockFile 0ee6c175- ./
9 verbose lock ./ /Users/lijung/.npm/0ee6c175-.lock
10 verbose tar pack [ '/var/folders/jn/tnc0hcxj7zj0z1wxv4xbp67w0000gn/T/npm-14400-bSNjl0Ts/1395283807358-0.8386220559477806/tmp.tgz',
10 verbose tar pack   './' ]
11 verbose tarball /var/folders/jn/tnc0hcxj7zj0z1wxv4xbp67w0000gn/T/npm-14400-bSNjl0Ts/1395283807358-0.8386220559477806/tmp.tgz
12 verbose folder ./
13 info prepublish gulp-xml2json@0.1.3
14 silly lockFile 04cb2bca-tar tar://./
15 verbose lock tar://./ /Users/lijung/.npm/04cb2bca-tar.lock
16 silly lockFile f0758275-07358-0-8386220559477806-tmp-tgz tar:///var/folders/jn/tnc0hcxj7zj0z1wxv4xbp67w0000gn/T/npm-14400-bSNjl0Ts/1395283807358-0.8386220559477806/tmp.tgz
17 verbose lock tar:///var/folders/jn/tnc0hcxj7zj0z1wxv4xbp67w0000gn/T/npm-14400-bSNjl0Ts/1395283807358-0.8386220559477806/tmp.tgz /Users/lijung/.npm/f0758275-07358-0-8386220559477806-tmp-tgz.lock
18 silly lockFile 04cb2bca-tar tar://./
19 silly lockFile 04cb2bca-tar tar://./
20 silly lockFile f0758275-07358-0-8386220559477806-tmp-tgz tar:///var/folders/jn/tnc0hcxj7zj0z1wxv4xbp67w0000gn/T/npm-14400-bSNjl0Ts/1395283807358-0.8386220559477806/tmp.tgz
21 silly lockFile f0758275-07358-0-8386220559477806-tmp-tgz tar:///var/folders/jn/tnc0hcxj7zj0z1wxv4xbp67w0000gn/T/npm-14400-bSNjl0Ts/1395283807358-0.8386220559477806/tmp.tgz
22 verbose tar unpack /var/folders/jn/tnc0hcxj7zj0z1wxv4xbp67w0000gn/T/npm-14400-bSNjl0Ts/1395283807358-0.8386220559477806/tmp.tgz
23 silly lockFile 27216ee3-07358-0-8386220559477806-package tar:///var/folders/jn/tnc0hcxj7zj0z1wxv4xbp67w0000gn/T/npm-14400-bSNjl0Ts/1395283807358-0.8386220559477806/package
24 verbose lock tar:///var/folders/jn/tnc0hcxj7zj0z1wxv4xbp67w0000gn/T/npm-14400-bSNjl0Ts/1395283807358-0.8386220559477806/package /Users/lijung/.npm/27216ee3-07358-0-8386220559477806-package.lock
25 silly lockFile f0758275-07358-0-8386220559477806-tmp-tgz tar:///var/folders/jn/tnc0hcxj7zj0z1wxv4xbp67w0000gn/T/npm-14400-bSNjl0Ts/1395283807358-0.8386220559477806/tmp.tgz
26 verbose lock tar:///var/folders/jn/tnc0hcxj7zj0z1wxv4xbp67w0000gn/T/npm-14400-bSNjl0Ts/1395283807358-0.8386220559477806/tmp.tgz /Users/lijung/.npm/f0758275-07358-0-8386220559477806-tmp-tgz.lock
27 silly gunzTarPerm modes [ '755', '644' ]
28 silly gunzTarPerm extractEntry package.json
29 silly gunzTarPerm extractEntry .npmignore
30 silly gunzTarPerm extractEntry README.md
31 silly gunzTarPerm extractEntry gulpfile.js
32 silly gunzTarPerm extractEntry index.js
33 silly gunzTarPerm extractEntry test.js
34 silly gunzTarPerm extractEntry .travis.yml
35 silly gunzTarPerm extractEntry sample/A_lvr_land_A.xml
36 silly gunzTarPerm extractEntry sample/A_lvr_land_B.xml
37 silly gunzTarPerm extractEntry sample/test/type2.css
38 silly lockFile 27216ee3-07358-0-8386220559477806-package tar:///var/folders/jn/tnc0hcxj7zj0z1wxv4xbp67w0000gn/T/npm-14400-bSNjl0Ts/1395283807358-0.8386220559477806/package
39 silly lockFile 27216ee3-07358-0-8386220559477806-package tar:///var/folders/jn/tnc0hcxj7zj0z1wxv4xbp67w0000gn/T/npm-14400-bSNjl0Ts/1395283807358-0.8386220559477806/package
40 silly lockFile f0758275-07358-0-8386220559477806-tmp-tgz tar:///var/folders/jn/tnc0hcxj7zj0z1wxv4xbp67w0000gn/T/npm-14400-bSNjl0Ts/1395283807358-0.8386220559477806/tmp.tgz
41 silly lockFile f0758275-07358-0-8386220559477806-tmp-tgz tar:///var/folders/jn/tnc0hcxj7zj0z1wxv4xbp67w0000gn/T/npm-14400-bSNjl0Ts/1395283807358-0.8386220559477806/tmp.tgz
42 verbose tar pack [ '/Users/lijung/.npm/gulp-xml2json/0.1.3/package.tgz',
42 verbose tar pack   '/var/folders/jn/tnc0hcxj7zj0z1wxv4xbp67w0000gn/T/npm-14400-bSNjl0Ts/1395283807358-0.8386220559477806/package' ]
43 verbose tarball /Users/lijung/.npm/gulp-xml2json/0.1.3/package.tgz
44 verbose folder /var/folders/jn/tnc0hcxj7zj0z1wxv4xbp67w0000gn/T/npm-14400-bSNjl0Ts/1395283807358-0.8386220559477806/package
45 silly lockFile 27216ee3-07358-0-8386220559477806-package tar:///var/folders/jn/tnc0hcxj7zj0z1wxv4xbp67w0000gn/T/npm-14400-bSNjl0Ts/1395283807358-0.8386220559477806/package
46 verbose lock tar:///var/folders/jn/tnc0hcxj7zj0z1wxv4xbp67w0000gn/T/npm-14400-bSNjl0Ts/1395283807358-0.8386220559477806/package /Users/lijung/.npm/27216ee3-07358-0-8386220559477806-package.lock
47 silly lockFile 3699c747--gulp-xml2json-0-1-3-package-tgz tar:///Users/lijung/.npm/gulp-xml2json/0.1.3/package.tgz
48 verbose lock tar:///Users/lijung/.npm/gulp-xml2json/0.1.3/package.tgz /Users/lijung/.npm/3699c747--gulp-xml2json-0-1-3-package-tgz.lock
49 silly lockFile 27216ee3-07358-0-8386220559477806-package tar:///var/folders/jn/tnc0hcxj7zj0z1wxv4xbp67w0000gn/T/npm-14400-bSNjl0Ts/1395283807358-0.8386220559477806/package
50 silly lockFile 27216ee3-07358-0-8386220559477806-package tar:///var/folders/jn/tnc0hcxj7zj0z1wxv4xbp67w0000gn/T/npm-14400-bSNjl0Ts/1395283807358-0.8386220559477806/package
51 silly lockFile 3699c747--gulp-xml2json-0-1-3-package-tgz tar:///Users/lijung/.npm/gulp-xml2json/0.1.3/package.tgz
52 silly lockFile 3699c747--gulp-xml2json-0-1-3-package-tgz tar:///Users/lijung/.npm/gulp-xml2json/0.1.3/package.tgz
53 silly lockFile 01cd4124--npm-gulp-xml2json-0-1-3-package /Users/lijung/.npm/gulp-xml2json/0.1.3/package
54 verbose lock /Users/lijung/.npm/gulp-xml2json/0.1.3/package /Users/lijung/.npm/01cd4124--npm-gulp-xml2json-0-1-3-package.lock
55 silly lockFile 01cd4124--npm-gulp-xml2json-0-1-3-package /Users/lijung/.npm/gulp-xml2json/0.1.3/package
56 silly lockFile 01cd4124--npm-gulp-xml2json-0-1-3-package /Users/lijung/.npm/gulp-xml2json/0.1.3/package
57 verbose tar unpack /Users/lijung/.npm/gulp-xml2json/0.1.3/package.tgz
58 silly lockFile 664eb206--npm-gulp-xml2json-0-1-3-package tar:///Users/lijung/.npm/gulp-xml2json/0.1.3/package
59 verbose lock tar:///Users/lijung/.npm/gulp-xml2json/0.1.3/package /Users/lijung/.npm/664eb206--npm-gulp-xml2json-0-1-3-package.lock
60 silly lockFile 3699c747--gulp-xml2json-0-1-3-package-tgz tar:///Users/lijung/.npm/gulp-xml2json/0.1.3/package.tgz
61 verbose lock tar:///Users/lijung/.npm/gulp-xml2json/0.1.3/package.tgz /Users/lijung/.npm/3699c747--gulp-xml2json-0-1-3-package-tgz.lock
62 silly gunzTarPerm modes [ '755', '644' ]
63 silly gunzTarPerm extractEntry package.json
64 silly gunzTarPerm extractEntry .npmignore
65 silly gunzTarPerm extractEntry README.md
66 silly gunzTarPerm extractEntry gulpfile.js
67 silly gunzTarPerm extractEntry index.js
68 silly gunzTarPerm extractEntry test.js
69 silly gunzTarPerm extractEntry .travis.yml
70 silly gunzTarPerm extractEntry sample/A_lvr_land_A.xml
71 silly gunzTarPerm extractEntry sample/A_lvr_land_B.xml
72 silly gunzTarPerm extractEntry sample/test/type2.css
73 silly lockFile 664eb206--npm-gulp-xml2json-0-1-3-package tar:///Users/lijung/.npm/gulp-xml2json/0.1.3/package
74 silly lockFile 664eb206--npm-gulp-xml2json-0-1-3-package tar:///Users/lijung/.npm/gulp-xml2json/0.1.3/package
75 silly lockFile 3699c747--gulp-xml2json-0-1-3-package-tgz tar:///Users/lijung/.npm/gulp-xml2json/0.1.3/package.tgz
76 silly lockFile 3699c747--gulp-xml2json-0-1-3-package-tgz tar:///Users/lijung/.npm/gulp-xml2json/0.1.3/package.tgz
77 verbose chmod /Users/lijung/.npm/gulp-xml2json/0.1.3/package.tgz 644
78 verbose chown /Users/lijung/.npm/gulp-xml2json/0.1.3/package.tgz [ 501, 20 ]
79 silly lockFile 0ee6c175- ./
80 silly lockFile 0ee6c175- ./
81 silly publish { name: 'gulp-xml2json',
81 silly publish   version: '0.1.3',
81 silly publish   description: 'xml to json using gulp',
81 silly publish   repository:
81 silly publish    { type: 'git',
81 silly publish      url: 'https://github.com/DataGarage/gulp-xml2json' },
81 silly publish   main: 'index.js',
81 silly publish   scripts: { test: 'mocha' },
81 silly publish   keywords: [ 'gulp', 'xml', 'json', 'gulpplugin' ],
81 silly publish   dependencies:
81 silly publish    { 'gulp-util': '~2.2.0',
81 silly publish      'graceful-fs': '~2.0.0',
81 silly publish      filesize: '~2.0.0',
81 silly publish      'temp-write': '~0.1.0',
81 silly publish      'map-stream': '0.0.4',
81 silly publish      xml2js: '~0.4.1',
81 silly publish      'gulp-rename': '~1.1.0' },
81 silly publish   author: { name: 'chilijung' },
81 silly publish   license: 'MIT',
81 silly publish   devDependencies: { mocha: '~1.17.1' },
81 silly publish   readme: '# gulp-xml2json\n\n[![Build Status](https://travis-ci.org/DataGarage/gulp-xml2json.png?branch=master)](https://travis-ci.org/DataGarage/gulp-xml2json)\n\ngulp plugin convert xml to json\n\n## Install\n\nInstall with [npm](https://npmjs.org/package/gulp-xml2json)\n\n```\nnpm install --save-dev gulp-xml2json\n```\n\n\n## Example\n\n```js\nvar gulp = require(\'gulp\');\nvar xml2json = require(\'gulp-xml2json\');\nvar rename = require(\'gulp-rename\');\n\ngulp.task(\'default\', function () {\n\tgulp.src(\'src/**/*.xml\')\n\t\t.pipe(xml2json())\n\t\t.pipe(rename({extname: \'.json\'}))\n\t\t.pipe(gulp.dest(\'dist\'));\n});\n```\n\n\n## API\n\n### xml2json()\n\n\n## License\n\nMIT [@chilijung](http://github.com/chilijung)\n',
81 silly publish   readmeFilename: 'README.md',
81 silly publish   bugs: { url: 'https://github.com/DataGarage/gulp-xml2json/issues' },
81 silly publish   homepage: 'https://github.com/DataGarage/gulp-xml2json',
81 silly publish   _id: 'gulp-xml2json@0.1.3',
81 silly publish   dist: { shasum: '7be460e8f569f393ab677c07abfb5b5fd475068c' },
81 silly publish   _from: './' }
82 verbose url raw gulp-xml2json
83 verbose url resolving [ 'https://registry.npmjs.org/', './gulp-xml2json' ]
84 verbose url resolved https://registry.npmjs.org/gulp-xml2json
85 info trying registry request attempt 1 at 10:50:07
86 http PUT https://registry.npmjs.org/gulp-xml2json
87 http 409 https://registry.npmjs.org/gulp-xml2json
88 verbose url raw gulp-xml2json?write=true
89 verbose url resolving [ 'https://registry.npmjs.org/', './gulp-xml2json?write=true' ]
90 verbose url resolved https://registry.npmjs.org/gulp-xml2json?write=true
91 info trying registry request attempt 1 at 10:50:12
92 http GET https://registry.npmjs.org/gulp-xml2json?write=true
93 http 200 https://registry.npmjs.org/gulp-xml2json?write=true
94 error publish fail Cannot publish over existing version.
94 error publish fail Update the 'version' field in package.json and try again.
94 error publish fail
94 error publish fail If the previous version was published in error, see:
94 error publish fail     npm help unpublish
94 error publish fail
94 error publish fail To automatically increment version numbers, see:
94 error publish fail     npm help version
95 error System Darwin 13.0.0
96 error command "node" "/Users/lijung/.nvm/v0.10.23/bin/npm" "publish" "./"
97 error cwd /Users/lijung/Documents/dataGarage/gulp-xml2json
98 error node -v v0.10.23
99 error npm -v 1.4.4
100 error code EPUBLISHCONFLICT
101 verbose exit [ 1, true ]
